<?xml version="1.0" encoding="UTF-8"?>
<testng-results skipped="0" failed="0" ignored="0" total="1" passed="1">
  <reporter-output>
  </reporter-output>
  <suite name="GuruBank" duration-ms="31850" started-at="2019-12-11T10:52:41 IST" finished-at="2019-12-11T10:53:13 IST">
    <groups>
    </groups>
    <test name="Functional Test" duration-ms="31850" started-at="2019-12-11T10:52:41 IST" finished-at="2019-12-11T10:53:13 IST">
      <class name="TestCases.T_LoginPage">
        <test-method status="PASS" signature="initBrowserDriver()[pri:0, instance:TestCases.T_LoginPage@2812cbfa]" name="initBrowserDriver" is-config="true" duration-ms="12546" started-at="2019-12-11T10:52:41 IST" finished-at="2019-12-11T10:52:53 IST">
          <reporter-output>
          </reporter-output>
        </test-method> <!-- initBrowserDriver -->
        <test-method status="PASS" signature="GuruLogin()[pri:0, instance:TestCases.T_LoginPage@2812cbfa]" name="GuruLogin" is-config="true" duration-ms="7225" started-at="2019-12-11T10:52:53 IST" depends-on-methods="TestCases.TestBase.initBrowserDriver" finished-at="2019-12-11T10:53:01 IST">
          <reporter-output>
          </reporter-output>
        </test-method> <!-- GuruLogin -->
        <test-method status="PASS" signature="loginTest(java.lang.String, java.lang.String)[pri:0, instance:TestCases.T_LoginPage@2812cbfa]" name="loginTest" duration-ms="10917" started-at="2019-12-11T10:53:01 IST" finished-at="2019-12-11T10:53:11 IST">
          <params>
            <param index="0">
              <value>
                <![CDATA[as198184@gmail.com]]>
              </value>
            </param>
            <param index="1">
              <value>
                <![CDATA[Guru@2019]]>
              </value>
            </param>
          </params>
          <reporter-output>
          </reporter-output>
        </test-method> <!-- loginTest -->
        <test-method status="PASS" signature="KillBrowser()[pri:0, instance:TestCases.T_LoginPage@2812cbfa]" name="KillBrowser" is-config="true" duration-ms="1121" started-at="2019-12-11T10:53:11 IST" finished-at="2019-12-11T10:53:13 IST">
          <reporter-output>
          </reporter-output>
        </test-method> <!-- KillBrowser -->
      </class> <!-- TestCases.T_LoginPage -->
    </test> <!-- Functional Test -->
  </suite> <!-- GuruBank -->
</testng-results>
